# JRE version: OpenJDK Runtime Environment Temurin-17.0.9+9 (17.0.9+9) (build 17.0.9+9)
# Java VM: OpenJDK 64-Bit Server VM Temurin-17.0.9+9 (17.0.9+9, mixed mode, sharing, tiered, compressed oops, compressed class ptrs, g1 gc, windows-amd64)
GC Precious Log:
 CPUs: 4 total, 4 available
 Memory: 8055M
 Large Page Support: Disabled
 NUMA Support: Disabled
 Compressed Oops: Enabled (32-bit)
 Heap Region Size: 1M
 Heap Min Capacity: 8M
 Heap Initial Capacity: 126M
 Heap Max Capacity: 2014M
 Pre-touch: Disabled
 Parallel Workers: 4
 Concurrent Workers: 1
 Concurrent Refinement Workers: 4
 Periodic GC: Disabled
Heap:
 garbage-first heap   total 51200K, used 24498K [0x0000000082200000, 0x0000000100000000)
  region size 1024K, 3 young (3072K), 3 survivors (3072K)
 Metaspace       used 55899K, committed 56384K, reserved 1114112K
  class space    used 7635K, committed 7872K, reserved 1048576K
GC Heap History (20 events):
Event: 11.296 GC heap after
{Heap after GC invocations=6 (full 0):
 garbage-first heap   total 51200K, used 15626K [0x0000000082200000, 0x0000000100000000)
  region size 1024K, 3 young (3072K), 3 survivors (3072K)
 Metaspace       used 26412K, committed 26816K, reserved 1114112K
  class space    used 3350K, committed 3520K, reserved 1048576K
}
Event: 11.334 GC heap before
{Heap before GC invocations=6 (full 0):
 garbage-first heap   total 51200K, used 16650K [0x0000000082200000, 0x0000000100000000)
  region size 1024K, 4 young (4096K), 3 survivors (3072K)
 Metaspace       used 26666K, committed 27072K, reserved 1114112K
  class space    used 3374K, committed 3584K, reserved 1048576K
}
Event: 11.340 GC heap after
{Heap after GC invocations=7 (full 0):
 garbage-first heap   total 51200K, used 15888K [0x0000000082200000, 0x0000000100000000)
  region size 1024K, 1 young (1024K), 1 survivors (1024K)
 Metaspace       used 26666K, committed 27072K, reserved 1114112K
  class space    used 3374K, committed 3584K, reserved 1048576K
}
Event: 12.741 GC heap before
{Heap before GC invocations=7 (full 0):
 garbage-first heap   total 51200K, used 35344K [0x0000000082200000, 0x0000000100000000)
  region size 1024K, 21 young (21504K), 1 survivors (1024K)
 Metaspace       used 30997K, committed 31424K, reserved 1114112K
  class space    used 3884K, committed 4096K, reserved 1048576K
}
Event: 12.746 GC heap after
{Heap after GC invocations=8 (full 0):
 garbage-first heap   total 51200K, used 17766K [0x0000000082200000, 0x0000000100000000)
  region size 1024K, 3 young (3072K), 3 survivors (3072K)
 Metaspace       used 30997K, committed 31424K, reserved 1114112K
  class space    used 3884K, committed 4096K, reserved 1048576K
}
Event: 13.813 GC heap before
{Heap before GC invocations=8 (full 0):
 garbage-first heap   total 51200K, used 35174K [0x0000000082200000, 0x0000000100000000)
  region size 1024K, 21 young (21504K), 3 survivors (3072K)
 Metaspace       used 35245K, committed 35648K, reserved 1114112K
  class space    used 4583K, committed 4800K, reserved 1048576K
}
Event: 13.819 GC heap after
{Heap after GC invocations=9 (full 0):
 garbage-first heap   total 51200K, used 18587K [0x0000000082200000, 0x0000000100000000)
  region size 1024K, 1 young (1024K), 1 survivors (1024K)
 Metaspace       used 35245K, committed 35648K, reserved 1114112K
  class space    used 4583K, committed 4800K, reserved 1048576K
}
Event: 13.907 GC heap before
{Heap before GC invocations=9 (full 0):
 garbage-first heap   total 51200K, used 19611K [0x0000000082200000, 0x0000000100000000)
  region size 1024K, 3 young (3072K), 1 survivors (1024K)
 Metaspace       used 35574K, committed 35968K, reserved 1114112K
  class space    used 4639K, committed 4864K, reserved 1048576K
}
Event: 13.910 GC heap after
{Heap after GC invocations=10 (full 0):
 garbage-first heap   total 51200K, used 18565K [0x0000000082200000, 0x0000000100000000)
  region size 1024K, 1 young (1024K), 1 survivors (1024K)
 Metaspace       used 35574K, committed 35968K, reserved 1114112K
  class space    used 4639K, committed 4864K, reserved 1048576K
}
Event: 14.995 GC heap before
{Heap before GC invocations=11 (full 0):
 garbage-first heap   total 51200K, used 39045K [0x0000000082200000, 0x0000000100000000)
  region size 1024K, 21 young (21504K), 1 survivors (1024K)
 Metaspace       used 40665K, committed 41088K, reserved 1114112K
  class space    used 5350K, committed 5568K, reserved 1048576K
}
Event: 14.999 GC heap after
{Heap after GC invocations=12 (full 0):
 garbage-first heap   total 51200K, used 19382K [0x0000000082200000, 0x0000000100000000)
  region size 1024K, 2 young (2048K), 2 survivors (2048K)
 Metaspace       used 40665K, committed 41088K, reserved 1114112K
  class space    used 5350K, committed 5568K, reserved 1048576K
}
Event: 15.035 GC heap before
{Heap before GC invocations=12 (full 0):
 garbage-first heap   total 51200K, used 19382K [0x0000000082200000, 0x0000000100000000)
  region size 1024K, 3 young (3072K), 2 survivors (2048K)
 Metaspace       used 40956K, committed 41344K, reserved 1114112K
  class space    used 5382K, committed 5568K, reserved 1048576K
}
Event: 15.039 GC heap after
{Heap after GC invocations=13 (full 0):
 garbage-first heap   total 51200K, used 19381K [0x0000000082200000, 0x0000000100000000)
  region size 1024K, 1 young (1024K), 1 survivors (1024K)
 Metaspace       used 40956K, committed 41344K, reserved 1114112K
  class space    used 5382K, committed 5568K, reserved 1048576K
}
Event: 15.962 GC heap before
{Heap before GC invocations=13 (full 0):
 garbage-first heap   total 51200K, used 38837K [0x0000000082200000, 0x0000000100000000)
  region size 1024K, 21 young (21504K), 1 survivors (1024K)
 Metaspace       used 46783K, committed 47232K, reserved 1114112K
  class space    used 6401K, committed 6592K, reserved 1048576K
}
Event: 15.965 GC heap after
{Heap after GC invocations=14 (full 0):
 garbage-first heap   total 51200K, used 20045K [0x0000000082200000, 0x0000000100000000)
  region size 1024K, 1 young (1024K), 1 survivors (1024K)
 Metaspace       used 46783K, committed 47232K, reserved 1114112K
  class space    used 6401K, committed 6592K, reserved 1048576K
}
Event: 17.317 GC heap before
{Heap before GC invocations=14 (full 0):
 garbage-first heap   total 51200K, used 39501K [0x0000000082200000, 0x0000000100000000)
  region size 1024K, 21 young (21504K), 1 survivors (1024K)
 Metaspace       used 51355K, committed 51840K, reserved 1114112K
  class space    used 7027K, committed 7232K, reserved 1048576K
}
Event: 17.321 GC heap after
{Heap after GC invocations=15 (full 0):
 garbage-first heap   total 51200K, used 21457K [0x0000000082200000, 0x0000000100000000)
  region size 1024K, 3 young (3072K), 3 survivors (3072K)
 Metaspace       used 51355K, committed 51840K, reserved 1114112K
  class space    used 7027K, committed 7232K, reserved 1048576K
}
Event: 18.241 GC heap before
{Heap before GC invocations=15 (full 0):
 garbage-first heap   total 51200K, used 39889K [0x0000000082200000, 0x0000000100000000)
  region size 1024K, 21 young (21504K), 3 survivors (3072K)
 Metaspace       used 53100K, committed 53632K, reserved 1114112K
  class space    used 7270K, committed 7552K, reserved 1048576K
}
Event: 18.251 GC heap after
{Heap after GC invocations=16 (full 0):
 garbage-first heap   total 51200K, used 23041K [0x0000000082200000, 0x0000000100000000)
  region size 1024K, 3 young (3072K), 3 survivors (3072K)
 Metaspace       used 53100K, committed 53632K, reserved 1114112K
  class space    used 7270K, committed 7552K, reserved 1048576K
}
Event: 28.965 GC heap before
{Heap before GC invocations=16 (full 0):
 garbage-first heap   total 51200K, used 40449K [0x0000000082200000, 0x0000000100000000)
  region size 1024K, 20 young (20480K), 3 survivors (3072K)
 Metaspace       used 55899K, committed 56384K, reserved 1114112K
  class space    used 7635K, committed 7872K, reserved 1048576K
}

